{"contracts/interfaces/ControlledTokenInterface.sol":{"l":{},"path":"/Users/admin/Documents/GitHub/poolpower-project/contracts/contracts/interfaces/ControlledTokenInterface.sol","s":{},"b":{},"f":{},"fnMap":{},"statementMap":{},"branchMap":{}},"contracts/interfaces/IERC20.sol":{"l":{},"path":"/Users/admin/Documents/GitHub/poolpower-project/contracts/contracts/interfaces/IERC20.sol","s":{},"b":{},"f":{},"fnMap":{},"statementMap":{},"branchMap":{}},"contracts/interfaces/IERC20Minimal.sol":{"l":{},"path":"/Users/admin/Documents/GitHub/poolpower-project/contracts/contracts/interfaces/IERC20Minimal.sol","s":{},"b":{},"f":{},"fnMap":{},"statementMap":{},"branchMap":{}},"contracts/interfaces/ILootBoxController.sol":{"l":{},"path":"/Users/admin/Documents/GitHub/poolpower-project/contracts/contracts/interfaces/ILootBoxController.sol","s":{},"b":{},"f":{},"fnMap":{},"statementMap":{},"branchMap":{}},"contracts/interfaces/IMinimal.sol":{"l":{},"path":"/Users/admin/Documents/GitHub/poolpower-project/contracts/contracts/interfaces/IMinimal.sol","s":{},"b":{},"f":{},"fnMap":{},"statementMap":{},"branchMap":{}},"contracts/interfaces/IPermitAllowed.sol":{"l":{},"path":"/Users/admin/Documents/GitHub/poolpower-project/contracts/contracts/interfaces/IPermitAllowed.sol","s":{},"b":{},"f":{},"fnMap":{},"statementMap":{},"branchMap":{}},"contracts/interfaces/IPrizePoolMinimal.sol":{"l":{},"path":"/Users/admin/Documents/GitHub/poolpower-project/contracts/contracts/interfaces/IPrizePoolMinimal.sol","s":{},"b":{},"f":{},"fnMap":{},"statementMap":{},"branchMap":{}},"contracts/interfaces/IPrizeStrategyMinimal.sol":{"l":{},"path":"/Users/admin/Documents/GitHub/poolpower-project/contracts/contracts/interfaces/IPrizeStrategyMinimal.sol","s":{},"b":{},"f":{},"fnMap":{},"statementMap":{},"branchMap":{}},"contracts/interfaces/IWETH.sol":{"l":{},"path":"/Users/admin/Documents/GitHub/poolpower-project/contracts/contracts/interfaces/IWETH.sol","s":{},"b":{},"f":{},"fnMap":{},"statementMap":{},"branchMap":{}},"contracts/interfaces/TokenControllerInterface.sol":{"l":{},"path":"/Users/admin/Documents/GitHub/poolpower-project/contracts/contracts/interfaces/TokenControllerInterface.sol","s":{},"b":{},"f":{},"fnMap":{},"statementMap":{},"branchMap":{}},"contracts/interfaces/TokenFaucet.sol":{"l":{},"path":"/Users/admin/Documents/GitHub/poolpower-project/contracts/contracts/interfaces/TokenFaucet.sol","s":{},"b":{},"f":{},"fnMap":{},"statementMap":{},"branchMap":{}},"contracts/interfaces/TokenListenerInterface.sol":{"l":{},"path":"/Users/admin/Documents/GitHub/poolpower-project/contracts/contracts/interfaces/TokenListenerInterface.sol","s":{},"b":{},"f":{},"fnMap":{},"statementMap":{},"branchMap":{}},"contracts/interfaces/uniswap/IERC20.sol":{"l":{},"path":"/Users/admin/Documents/GitHub/poolpower-project/contracts/contracts/interfaces/uniswap/IERC20.sol","s":{},"b":{},"f":{},"fnMap":{},"statementMap":{},"branchMap":{}},"contracts/interfaces/uniswap/IUniswapV2Callee.sol":{"l":{},"path":"/Users/admin/Documents/GitHub/poolpower-project/contracts/contracts/interfaces/uniswap/IUniswapV2Callee.sol","s":{},"b":{},"f":{},"fnMap":{},"statementMap":{},"branchMap":{}},"contracts/interfaces/uniswap/IUniswapV2ERC20.sol":{"l":{},"path":"/Users/admin/Documents/GitHub/poolpower-project/contracts/contracts/interfaces/uniswap/IUniswapV2ERC20.sol","s":{},"b":{},"f":{},"fnMap":{},"statementMap":{},"branchMap":{}},"contracts/interfaces/uniswap/IUniswapV2Factory.sol":{"l":{},"path":"/Users/admin/Documents/GitHub/poolpower-project/contracts/contracts/interfaces/uniswap/IUniswapV2Factory.sol","s":{},"b":{},"f":{},"fnMap":{},"statementMap":{},"branchMap":{}},"contracts/interfaces/uniswap/IUniswapV2Pair.sol":{"l":{},"path":"/Users/admin/Documents/GitHub/poolpower-project/contracts/contracts/interfaces/uniswap/IUniswapV2Pair.sol","s":{},"b":{},"f":{},"fnMap":{},"statementMap":{},"branchMap":{}},"contracts/interfaces/uniswap/IUniswapV2Router01.sol":{"l":{},"path":"/Users/admin/Documents/GitHub/poolpower-project/contracts/contracts/interfaces/uniswap/IUniswapV2Router01.sol","s":{},"b":{},"f":{},"fnMap":{},"statementMap":{},"branchMap":{}},"contracts/interfaces/uniswap/IUniswapV2Router02.sol":{"l":{},"path":"/Users/admin/Documents/GitHub/poolpower-project/contracts/contracts/interfaces/uniswap/IUniswapV2Router02.sol","s":{},"b":{},"f":{},"fnMap":{},"statementMap":{},"branchMap":{}},"contracts/IPod.sol":{"l":{},"path":"/Users/admin/Documents/GitHub/poolpower-project/contracts/contracts/IPod.sol","s":{},"b":{},"f":{},"fnMap":{},"statementMap":{},"branchMap":{}},"contracts/IPodManager.sol":{"l":{},"path":"/Users/admin/Documents/GitHub/poolpower-project/contracts/contracts/IPodManager.sol","s":{},"b":{},"f":{},"fnMap":{},"statementMap":{},"branchMap":{}},"contracts/Pod.sol":{"l":{"123":2,"127":2,"134":0,"138":0,"157":54,"160":54,"166":54,"169":54,"170":54,"171":54,"172":54,"175":54,"178":54,"185":54,"186":54,"197":0,"206":2,"212":2,"215":2,"226":2,"240":3,"243":3,"246":3,"249":3,"252":3,"263":2,"269":2,"272":2,"274":2,"283":1,"286":1,"292":1,"295":1,"298":1,"301":1,"309":1,"321":1,"329":1,"341":1,"357":0,"359":0,"361":0,"369":1,"372":1,"375":1,"377":1,"380":1,"391":3,"394":3,"395":2,"397":1,"401":3,"404":3,"412":2,"415":2,"418":2,"419":2,"422":2,"424":2,"427":2,"430":2,"445":2,"448":2,"457":2,"460":2,"468":2,"477":2,"488":2,"489":1,"491":1,"503":2,"504":1,"506":1,"514":7,"521":6,"528":2,"535":5,"556":5,"559":5,"561":5},"path":"/Users/admin/Documents/GitHub/poolpower-project/contracts/contracts/Pod.sol","s":{},"b":{"1":[2,0],"2":[0,0],"3":[54,0],"4":[2,0],"5":[3,0],"6":[2,0],"7":[1,0],"8":[1,0],"9":[2,1],"10":[2,0],"11":[1,1],"12":[1,1]},"f":{},"fnMap":{},"statementMap":{},"branchMap":{"1":{"line":123,"type":"if","locations":[{"start":{"line":123,"column":8},"end":{"line":123,"column":8}},{"start":{"line":123,"column":8},"end":{"line":123,"column":8}}]},"2":{"line":134,"type":"if","locations":[{"start":{"line":134,"column":8},"end":{"line":134,"column":8}},{"start":{"line":134,"column":8},"end":{"line":134,"column":8}}]},"3":{"line":185,"type":"if","locations":[{"start":{"line":185,"column":8},"end":{"line":185,"column":8}},{"start":{"line":185,"column":8},"end":{"line":185,"column":8}}]},"4":{"line":206,"type":"if","locations":[{"start":{"line":206,"column":8},"end":{"line":206,"column":8}},{"start":{"line":206,"column":8},"end":{"line":206,"column":8}}]},"5":{"line":240,"type":"if","locations":[{"start":{"line":240,"column":8},"end":{"line":240,"column":8}},{"start":{"line":240,"column":8},"end":{"line":240,"column":8}}]},"6":{"line":263,"type":"if","locations":[{"start":{"line":263,"column":8},"end":{"line":263,"column":8}},{"start":{"line":263,"column":8},"end":{"line":263,"column":8}}]},"7":{"line":286,"type":"if","locations":[{"start":{"line":286,"column":8},"end":{"line":286,"column":8}},{"start":{"line":286,"column":8},"end":{"line":286,"column":8}}]},"8":{"line":321,"type":"if","locations":[{"start":{"line":321,"column":8},"end":{"line":321,"column":8}},{"start":{"line":321,"column":8},"end":{"line":321,"column":8}}]},"9":{"line":394,"type":"if","locations":[{"start":{"line":394,"column":8},"end":{"line":394,"column":8}},{"start":{"line":394,"column":8},"end":{"line":394,"column":8}}]},"10":{"line":422,"type":"if","locations":[{"start":{"line":422,"column":8},"end":{"line":422,"column":8}},{"start":{"line":422,"column":8},"end":{"line":422,"column":8}}]},"11":{"line":488,"type":"if","locations":[{"start":{"line":488,"column":8},"end":{"line":488,"column":8}},{"start":{"line":488,"column":8},"end":{"line":488,"column":8}}]},"12":{"line":503,"type":"if","locations":[{"start":{"line":503,"column":8},"end":{"line":503,"column":8}},{"start":{"line":503,"column":8},"end":{"line":503,"column":8}}]}}},"contracts/PodFactory.sol":{"l":{"49":81,"52":81,"66":54,"69":54,"79":54,"83":54,"86":54,"89":54,"92":54},"path":"/Users/admin/Documents/GitHub/poolpower-project/contracts/contracts/PodFactory.sol","s":{},"b":{},"f":{},"fnMap":{},"statementMap":{},"branchMap":{}},"contracts/test/DoppelgangerWithExec.sol":{"l":{"14":0,"15":0,"16":0,"17":0,"19":0,"23":0,"33":0,"44":0,"45":0,"46":0,"54":0,"55":0,"56":0,"64":0,"65":0,"67":0,"69":0,"70":0,"72":0,"74":0,"78":0,"84":0},"path":"/Users/admin/Documents/GitHub/poolpower-project/contracts/contracts/test/DoppelgangerWithExec.sol","s":{},"b":{"1":[0,0],"2":[0,0],"3":[0,0],"4":[0,0],"5":[0,0]},"f":{},"fnMap":{},"statementMap":{},"branchMap":{"1":{"line":15,"type":"if","locations":[{"start":{"line":15,"column":8},"end":{"line":15,"column":8}},{"start":{"line":15,"column":8},"end":{"line":15,"column":8}}]},"2":{"line":45,"type":"if","locations":[{"start":{"line":45,"column":8},"end":{"line":45,"column":8}},{"start":{"line":45,"column":8},"end":{"line":45,"column":8}}]},"3":{"line":55,"type":"if","locations":[{"start":{"line":55,"column":8},"end":{"line":55,"column":8}},{"start":{"line":55,"column":8},"end":{"line":55,"column":8}}]},"4":{"line":65,"type":"if","locations":[{"start":{"line":65,"column":8},"end":{"line":65,"column":8}},{"start":{"line":65,"column":8},"end":{"line":65,"column":8}}]},"5":{"line":70,"type":"if","locations":[{"start":{"line":70,"column":8},"end":{"line":70,"column":8}},{"start":{"line":70,"column":8},"end":{"line":70,"column":8}}]}}},"contracts/TokenDrop.sol":{"l":{"85":58,"86":58,"89":58,"96":0,"97":0,"105":0,"120":5,"121":5,"124":5,"127":5,"128":2,"140":3,"143":3,"146":3,"155":0,"156":0,"157":0,"158":0,"159":0,"162":0,"165":0,"167":0,"178":8,"179":8,"182":8,"184":2,"187":2,"188":0,"190":0,"193":0,"194":0,"199":2,"202":8,"216":7,"217":7,"219":7,"221":0,"225":0,"226":0,"234":0,"239":0,"247":0},"path":"/Users/admin/Documents/GitHub/poolpower-project/contracts/contracts/TokenDrop.sol","s":{},"b":{"1":[0,0],"2":[5,0],"3":[2,3],"4":[2,6],"5":[0,2],"6":[7,0]},"f":{},"fnMap":{},"statementMap":{},"branchMap":{"1":{"line":96,"type":"if","locations":[{"start":{"line":96,"column":8},"end":{"line":96,"column":8}},{"start":{"line":96,"column":8},"end":{"line":96,"column":8}}]},"2":{"line":120,"type":"if","locations":[{"start":{"line":120,"column":8},"end":{"line":120,"column":8}},{"start":{"line":120,"column":8},"end":{"line":120,"column":8}}]},"3":{"line":127,"type":"if","locations":[{"start":{"line":127,"column":12},"end":{"line":127,"column":12}},{"start":{"line":127,"column":12},"end":{"line":127,"column":12}}]},"4":{"line":182,"type":"if","locations":[{"start":{"line":182,"column":8},"end":{"line":182,"column":8}},{"start":{"line":182,"column":8},"end":{"line":182,"column":8}}]},"5":{"line":187,"type":"if","locations":[{"start":{"line":187,"column":12},"end":{"line":187,"column":12}},{"start":{"line":187,"column":12},"end":{"line":187,"column":12}}]},"6":{"line":217,"type":"if","locations":[{"start":{"line":217,"column":8},"end":{"line":217,"column":8}},{"start":{"line":217,"column":8},"end":{"line":217,"column":8}}]}}},"contracts/TokenDropFactory.sol":{"l":{"37":81,"48":58,"52":58,"55":58,"58":58},"path":"/Users/admin/Documents/GitHub/poolpower-project/contracts/contracts/TokenDropFactory.sol","s":{},"b":{},"f":{},"fnMap":{},"statementMap":{},"branchMap":{}}}