{
"contracts/interfaces/ControlledTokenInterface.sol":{"l":{},"path":"/Users/admin/Documents/GitHub/poolpower-project/contracts/contracts/interfaces/ControlledTokenInterface.sol","s":{},"b":{},"f":{},"fnMap":{},"statementMap":{},"branchMap":{}},
"contracts/interfaces/IERC20.sol":{"l":{},"path":"/Users/admin/Documents/GitHub/poolpower-project/contracts/contracts/interfaces/IERC20.sol","s":{},"b":{},"f":{},"fnMap":{},"statementMap":{},"branchMap":{}},
"contracts/interfaces/IERC20Minimal.sol":{"l":{},"path":"/Users/admin/Documents/GitHub/poolpower-project/contracts/contracts/interfaces/IERC20Minimal.sol","s":{},"b":{},"f":{},"fnMap":{},"statementMap":{},"branchMap":{}},
"contracts/interfaces/ILootBoxController.sol":{"l":{},"path":"/Users/admin/Documents/GitHub/poolpower-project/contracts/contracts/interfaces/ILootBoxController.sol","s":{},"b":{},"f":{},"fnMap":{},"statementMap":{},"branchMap":{}},
"contracts/interfaces/IMinimal.sol":{"l":{},"path":"/Users/admin/Documents/GitHub/poolpower-project/contracts/contracts/interfaces/IMinimal.sol","s":{},"b":{},"f":{},"fnMap":{},"statementMap":{},"branchMap":{}},
"contracts/interfaces/IPermitAllowed.sol":{"l":{},"path":"/Users/admin/Documents/GitHub/poolpower-project/contracts/contracts/interfaces/IPermitAllowed.sol","s":{},"b":{},"f":{},"fnMap":{},"statementMap":{},"branchMap":{}},
"contracts/interfaces/IPrizePoolMinimal.sol":{"l":{},"path":"/Users/admin/Documents/GitHub/poolpower-project/contracts/contracts/interfaces/IPrizePoolMinimal.sol","s":{},"b":{},"f":{},"fnMap":{},"statementMap":{},"branchMap":{}},
"contracts/interfaces/IPrizeStrategyMinimal.sol":{"l":{},"path":"/Users/admin/Documents/GitHub/poolpower-project/contracts/contracts/interfaces/IPrizeStrategyMinimal.sol","s":{},"b":{},"f":{},"fnMap":{},"statementMap":{},"branchMap":{}},
"contracts/interfaces/IWETH.sol":{"l":{},"path":"/Users/admin/Documents/GitHub/poolpower-project/contracts/contracts/interfaces/IWETH.sol","s":{},"b":{},"f":{},"fnMap":{},"statementMap":{},"branchMap":{}},
"contracts/interfaces/TokenControllerInterface.sol":{"l":{},"path":"/Users/admin/Documents/GitHub/poolpower-project/contracts/contracts/interfaces/TokenControllerInterface.sol","s":{},"b":{},"f":{},"fnMap":{},"statementMap":{},"branchMap":{}},
"contracts/interfaces/TokenFaucet.sol":{"l":{},"path":"/Users/admin/Documents/GitHub/poolpower-project/contracts/contracts/interfaces/TokenFaucet.sol","s":{},"b":{},"f":{},"fnMap":{},"statementMap":{},"branchMap":{}},
"contracts/interfaces/TokenListenerInterface.sol":{"l":{},"path":"/Users/admin/Documents/GitHub/poolpower-project/contracts/contracts/interfaces/TokenListenerInterface.sol","s":{},"b":{},"f":{},"fnMap":{},"statementMap":{},"branchMap":{}},
"contracts/interfaces/uniswap/IERC20.sol":{"l":{},"path":"/Users/admin/Documents/GitHub/poolpower-project/contracts/contracts/interfaces/uniswap/IERC20.sol","s":{},"b":{},"f":{},"fnMap":{},"statementMap":{},"branchMap":{}},
"contracts/interfaces/uniswap/IUniswapV2Callee.sol":{"l":{},"path":"/Users/admin/Documents/GitHub/poolpower-project/contracts/contracts/interfaces/uniswap/IUniswapV2Callee.sol","s":{},"b":{},"f":{},"fnMap":{},"statementMap":{},"branchMap":{}},
"contracts/interfaces/uniswap/IUniswapV2ERC20.sol":{"l":{},"path":"/Users/admin/Documents/GitHub/poolpower-project/contracts/contracts/interfaces/uniswap/IUniswapV2ERC20.sol","s":{},"b":{},"f":{},"fnMap":{},"statementMap":{},"branchMap":{}},
"contracts/interfaces/uniswap/IUniswapV2Factory.sol":{"l":{},"path":"/Users/admin/Documents/GitHub/poolpower-project/contracts/contracts/interfaces/uniswap/IUniswapV2Factory.sol","s":{},"b":{},"f":{},"fnMap":{},"statementMap":{},"branchMap":{}},
"contracts/interfaces/uniswap/IUniswapV2Pair.sol":{"l":{},"path":"/Users/admin/Documents/GitHub/poolpower-project/contracts/contracts/interfaces/uniswap/IUniswapV2Pair.sol","s":{},"b":{},"f":{},"fnMap":{},"statementMap":{},"branchMap":{}},
"contracts/interfaces/uniswap/IUniswapV2Router01.sol":{"l":{},"path":"/Users/admin/Documents/GitHub/poolpower-project/contracts/contracts/interfaces/uniswap/IUniswapV2Router01.sol","s":{},"b":{},"f":{},"fnMap":{},"statementMap":{},"branchMap":{}},
"contracts/interfaces/uniswap/IUniswapV2Router02.sol":{"l":{},"path":"/Users/admin/Documents/GitHub/poolpower-project/contracts/contracts/interfaces/uniswap/IUniswapV2Router02.sol","s":{},"b":{},"f":{},"fnMap":{},"statementMap":{},"branchMap":{}},
"contracts/IPod.sol":{"l":{},"path":"/Users/admin/Documents/GitHub/poolpower-project/contracts/contracts/IPod.sol","s":{},"b":{},"f":{},"fnMap":{},"statementMap":{},"branchMap":{}},
"contracts/IPodManager.sol":{"l":{},"path":"/Users/admin/Documents/GitHub/poolpower-project/contracts/contracts/IPodManager.sol","s":{},"b":{},"f":{},"fnMap":{},"statementMap":{},"branchMap":{}},
"contracts/Pod.sol":{"l":{"123":32,"127":32,"134":32,"138":32,"157":32,"160":32,"166":0,"169":0,"170":0,"171":0,"172":0,"175":0,"178":2,"185":3,"186":3,"197":3,"206":3,"212":3,"215":3,"226":3,"240":3,"243":2,"246":2,"249":2,"252":2,"263":2,"269":2,"272":0,"274":0,"283":0,"286":0,"292":0,"295":0,"298":0,"301":2,"309":2,"321":2,"329":2,"341":3,"357":3,"359":2,"361":1,"369":3,"372":3,"375":3,"377":3,"380":3,"391":3,"394":3,"395":3,"397":3,"401":3,"404":3,"412":3,"415":3,"418":3,"419":3,"422":3,"424":0,"427":0,"430":0,"445":0,"448":0,"457":7,"460":6,"468":6,"477":0,"488":4,"499":6,"500":6,"502":0,"510":0,"517":0,"524":0,"531":0,"552":0,"555":0,"557":0},"path":"/Users/admin/Documents/GitHub/poolpower-project/contracts/contracts/Pod.sol","s":{"1":32,"2":32,"3":32,"4":32,"5":0,"6":0,"7":0,"8":0,"9":0,"10":0,"11":2,"12":3,"13":3,"14":3,"15":3,"16":3,"17":3,"18":3,"19":2,"20":2,"21":2,"22":2,"23":2,"24":2,"25":2,"26":0,"27":0,"28":0,"29":0,"30":0,"31":0,"32":0,"33":2,"34":2,"35":2,"36":2,"37":3,"38":2,"39":2,"40":1,"41":3,"42":3,"43":3,"44":3,"45":3,"46":3,"47":3,"48":3,"49":3,"50":0,"51":3,"52":3,"53":3,"54":3,"55":3,"56":3,"57":0,"58":0,"59":0,"60":0,"61":0,"62":7,"63":6,"64":0,"65":0,"66":4,"67":6,"68":6,"69":0,"70":0,"71":0,"72":0,"73":0,"74":0,"75":0,"76":0},"b":{"1":[32,0],"2":[32,0],"3":[3,0],"4":[3,0],"5":[2,1],"6":[2,0],"7":[0,0],"8":[2,0],"9":[3,3],"10":[0,0],"11":[6,6]},"f":{"1":32,"2":32,"3":32,"4":2,"5":3,"6":3,"7":3,"8":3,"9":2,"10":0,"11":2,"12":3,"13":3,"14":1,"15":3,"16":3,"17":7,"18":4,"19":6,"20":0,"21":0,"22":0,"23":0,"24":0},"fnMap":{"1":{"name":"onlyManager","line":122,"loc":{"start":{"line":122,"column":4},"end":{"line":128,"column":4}}},"2":{"name":"pauseDepositsDuringAwarding","line":133,"loc":{"start":{"line":133,"column":4},"end":{"line":139,"column":4}}},"3":{"name":"initialize","line":148,"loc":{"start":{"line":148,"column":4},"end":{"line":179,"column":4}}},"4":{"name":"setTokenDrop","line":184,"loc":{"start":{"line":184,"column":4},"end":{"line":187,"column":4}}},"5":{"name":"podManager","line":196,"loc":{"start":{"line":196,"column":4},"end":{"line":198,"column":4}}},"6":{"name":"setManager","line":204,"loc":{"start":{"line":204,"column":4},"end":{"line":216,"column":4}}},"7":{"name":"prizePool","line":225,"loc":{"start":{"line":225,"column":4},"end":{"line":227,"column":4}}},"8":{"name":"depositTo","line":235,"loc":{"start":{"line":235,"column":4},"end":{"line":253,"column":4}}},"9":{"name":"withdraw","line":261,"loc":{"start":{"line":261,"column":4},"end":{"line":275,"column":4}}},"10":{"name":"batch","line":282,"loc":{"start":{"line":282,"column":4},"end":{"line":310,"column":4}}},"11":{"name":"withdrawERC20","line":318,"loc":{"start":{"line":315,"column":4},"end":{"line":330,"column":4}}},"12":{"name":"withdrawERC721","line":338,"loc":{"start":{"line":335,"column":4},"end":{"line":342,"column":4}}},"13":{"name":"claim","line":351,"loc":{"start":{"line":351,"column":4},"end":{"line":362,"column":4}}},"14":{"name":"claimPodPool","line":368,"loc":{"start":{"line":368,"column":4},"end":{"line":381,"column":4}}},"15":{"name":"_deposit","line":390,"loc":{"start":{"line":390,"column":4},"end":{"line":405,"column":4}}},"16":{"name":"_burnShares","line":410,"loc":{"start":{"line":410,"column":4},"end":{"line":449,"column":4}}},"17":{"name":"_withdrawFromPool","line":456,"loc":{"start":{"line":456,"column":4},"end":{"line":478,"column":4}}},"18":{"name":"getPricePerShare","line":487,"loc":{"start":{"line":487,"column":4},"end":{"line":489,"column":4}}},"19":{"name":"getUserPricePerShare","line":494,"loc":{"start":{"line":494,"column":4},"end":{"line":504,"column":4}}},"20":{"name":"vaultTokenBalance","line":509,"loc":{"start":{"line":509,"column":4},"end":{"line":511,"column":4}}},"21":{"name":"vaultTicketBalance","line":516,"loc":{"start":{"line":516,"column":4},"end":{"line":518,"column":4}}},"22":{"name":"vaultPoolBalance","line":523,"loc":{"start":{"line":523,"column":4},"end":{"line":525,"column":4}}},"23":{"name":"balance","line":530,"loc":{"start":{"line":530,"column":4},"end":{"line":532,"column":4}}},"24":{"name":"_beforeTokenTransfer","line":547,"loc":{"start":{"line":547,"column":4},"end":{"line":558,"column":4}}}},"statementMap":{"1":{"start":{"line":123,"column":8},"end":{"line":123,"column":3153}},"2":{"start":{"line":134,"column":8},"end":{"line":134,"column":3403}},"3":{"start":{"line":157,"column":8},"end":{"line":157,"column":33}},"4":{"start":{"line":160,"column":8},"end":{"line":160,"column":4062}},"5":{"start":{"line":166,"column":8},"end":{"line":166,"column":55}},"6":{"start":{"line":169,"column":8},"end":{"line":169,"column":29}},"7":{"start":{"line":170,"column":8},"end":{"line":170,"column":31}},"8":{"start":{"line":171,"column":8},"end":{"line":171,"column":27}},"9":{"start":{"line":172,"column":8},"end":{"line":172,"column":36}},"10":{"start":{"line":175,"column":8},"end":{"line":175,"column":38}},"11":{"start":{"line":178,"column":8},"end":{"line":178,"column":27}},"12":{"start":{"line":185,"column":8},"end":{"line":185,"column":74}},"13":{"start":{"line":186,"column":8},"end":{"line":186,"column":35}},"14":{"start":{"line":197,"column":8},"end":{"line":197,"column":31}},"15":{"start":{"line":206,"column":8},"end":{"line":206,"column":5404}},"16":{"start":{"line":212,"column":8},"end":{"line":212,"column":73}},"17":{"start":{"line":215,"column":8},"end":{"line":215,"column":27}},"18":{"start":{"line":226,"column":8},"end":{"line":226,"column":34}},"19":{"start":{"line":240,"column":8},"end":{"line":240,"column":58}},"20":{"start":{"line":243,"column":8},"end":{"line":243,"column":50}},"21":{"start":{"line":246,"column":8},"end":{"line":246,"column":73}},"22":{"start":{"line":249,"column":8},"end":{"line":249,"column":47}},"23":{"start":{"line":252,"column":8},"end":{"line":252,"column":21}},"24":{"start":{"line":263,"column":8},"end":{"line":263,"column":7446}},"25":{"start":{"line":269,"column":8},"end":{"line":269,"column":49}},"26":{"start":{"line":272,"column":8},"end":{"line":272,"column":55}},"27":{"start":{"line":274,"column":8},"end":{"line":274,"column":21}},"28":{"start":{"line":283,"column":8},"end":{"line":283,"column":50}},"29":{"start":{"line":286,"column":8},"end":{"line":286,"column":67}},"30":{"start":{"line":292,"column":8},"end":{"line":292,"column":43}},"31":{"start":{"line":295,"column":8},"end":{"line":295,"column":35}},"32":{"start":{"line":298,"column":8},"end":{"line":298,"column":55}},"33":{"start":{"line":301,"column":8},"end":{"line":301,"column":8616}},"34":{"start":{"line":309,"column":8},"end":{"line":309,"column":49}},"35":{"start":{"line":321,"column":8},"end":{"line":321,"column":9099}},"36":{"start":{"line":329,"column":8},"end":{"line":329,"column":43}},"37":{"start":{"line":341,"column":8},"end":{"line":341,"column":71}},"38":{"start":{"line":357,"column":8},"end":{"line":357,"column":43}},"39":{"start":{"line":359,"column":8},"end":{"line":359,"column":36}},"40":{"start":{"line":361,"column":8},"end":{"line":361,"column":23}},"41":{"start":{"line":369,"column":8},"end":{"line":369,"column":60}},"42":{"start":{"line":372,"column":8},"end":{"line":372,"column":50}},"43":{"start":{"line":375,"column":8},"end":{"line":375,"column":41}},"44":{"start":{"line":377,"column":8},"end":{"line":377,"column":69}},"45":{"start":{"line":380,"column":8},"end":{"line":380,"column":29}},"46":{"start":{"line":391,"column":8},"end":{"line":391,"column":30}},"47":{"start":{"line":394,"column":8},"end":{"line":394,"column":11249}},"48":{"start":{"line":395,"column":12},"end":{"line":395,"column":30}},"49":{"start":{"line":397,"column":12},"end":{"line":397,"column":66}},"50":{"start":{"line":401,"column":8},"end":{"line":401,"column":30}},"51":{"start":{"line":404,"column":8},"end":{"line":404,"column":25}},"52":{"start":{"line":412,"column":8},"end":{"line":412,"column":67}},"53":{"start":{"line":415,"column":8},"end":{"line":415,"column":32}},"54":{"start":{"line":418,"column":8},"end":{"line":418,"column":37}},"55":{"start":{"line":419,"column":8},"end":{"line":419,"column":64}},"56":{"start":{"line":422,"column":8},"end":{"line":422,"column":12046}},"57":{"start":{"line":424,"column":12},"end":{"line":424,"column":58}},"58":{"start":{"line":427,"column":12},"end":{"line":427,"column":58}},"59":{"start":{"line":430,"column":12},"end":{"line":430,"column":39}},"60":{"start":{"line":445,"column":8},"end":{"line":445,"column":42}},"61":{"start":{"line":448,"column":8},"end":{"line":448,"column":21}},"62":{"start":{"line":457,"column":8},"end":{"line":457,"column":63}},"63":{"start":{"line":460,"column":8},"end":{"line":460,"column":13337}},"64":{"start":{"line":468,"column":8},"end":{"line":468,"column":13548}},"65":{"start":{"line":477,"column":8},"end":{"line":477,"column":26}},"66":{"start":{"line":488,"column":8},"end":{"line":488,"column":53}},"67":{"start":{"line":499,"column":8},"end":{"line":499,"column":14300}},"68":{"start":{"line":500,"column":12},"end":{"line":500,"column":59}},"69":{"start":{"line":502,"column":12},"end":{"line":502,"column":20}},"70":{"start":{"line":510,"column":8},"end":{"line":510,"column":45}},"71":{"start":{"line":517,"column":8},"end":{"line":517,"column":46}},"72":{"start":{"line":524,"column":8},"end":{"line":524,"column":44}},"73":{"start":{"line":531,"column":8},"end":{"line":531,"column":60}},"74":{"start":{"line":552,"column":8},"end":{"line":552,"column":51}},"75":{"start":{"line":555,"column":8},"end":{"line":555,"column":56}},"76":{"start":{"line":557,"column":8},"end":{"line":557,"column":40}}},"branchMap":{"1":{"line":123,"type":"if","locations":[{"start":{"line":123,"column":8},"end":{"line":123,"column":8}},{"start":{"line":123,"column":8},"end":{"line":123,"column":8}}]},"2":{"line":134,"type":"if","locations":[{"start":{"line":134,"column":8},"end":{"line":134,"column":8}},{"start":{"line":134,"column":8},"end":{"line":134,"column":8}}]},"3":{"line":185,"type":"if","locations":[{"start":{"line":185,"column":8},"end":{"line":185,"column":8}},{"start":{"line":185,"column":8},"end":{"line":185,"column":8}}]},"4":{"line":206,"type":"if","locations":[{"start":{"line":206,"column":8},"end":{"line":206,"column":8}},{"start":{"line":206,"column":8},"end":{"line":206,"column":8}}]},"5":{"line":240,"type":"if","locations":[{"start":{"line":240,"column":8},"end":{"line":240,"column":8}},{"start":{"line":240,"column":8},"end":{"line":240,"column":8}}]},"6":{"line":263,"type":"if","locations":[{"start":{"line":263,"column":8},"end":{"line":263,"column":8}},{"start":{"line":263,"column":8},"end":{"line":263,"column":8}}]},"7":{"line":286,"type":"if","locations":[{"start":{"line":286,"column":8},"end":{"line":286,"column":8}},{"start":{"line":286,"column":8},"end":{"line":286,"column":8}}]},"8":{"line":321,"type":"if","locations":[{"start":{"line":321,"column":8},"end":{"line":321,"column":8}},{"start":{"line":321,"column":8},"end":{"line":321,"column":8}}]},"9":{"line":394,"type":"if","locations":[{"start":{"line":394,"column":8},"end":{"line":394,"column":8}},{"start":{"line":394,"column":8},"end":{"line":394,"column":8}}]},"10":{"line":422,"type":"if","locations":[{"start":{"line":422,"column":8},"end":{"line":422,"column":8}},{"start":{"line":422,"column":8},"end":{"line":422,"column":8}}]},"11":{"line":499,"type":"if","locations":[{"start":{"line":499,"column":8},"end":{"line":499,"column":8}},{"start":{"line":499,"column":8},"end":{"line":499,"column":8}}]}}},
"contracts/PodFactory.sol":{"l":{"49":0,"52":0,"66":0,"69":0,"79":0,"83":0,"86":0,"89":0,"92":0},"path":"/Users/admin/Documents/GitHub/poolpower-project/contracts/contracts/PodFactory.sol","s":{"1":0,"2":0,"3":0,"4":0,"5":0,"6":0,"7":0,"8":0,"9":0},"b":{},"f":{"1":0,"2":0},"fnMap":{"1":{"name":"constructor","line":47,"loc":{"start":{"line":47,"column":4},"end":{"line":53,"column":4}}},"2":{"name":"create","line":55,"loc":{"start":{"line":55,"column":4},"end":{"line":93,"column":4}}}},"statementMap":{"1":{"start":{"line":49,"column":8},"end":{"line":49,"column":30}},"2":{"start":{"line":52,"column":8},"end":{"line":52,"column":43}},"3":{"start":{"line":66,"column":8},"end":{"line":66,"column":62}},"4":{"start":{"line":69,"column":8},"end":{"line":69,"column":1911}},"5":{"start":{"line":79,"column":8},"end":{"line":79,"column":40}},"6":{"start":{"line":83,"column":8},"end":{"line":83,"column":74}},"7":{"start":{"line":86,"column":8},"end":{"line":86,"column":43}},"8":{"start":{"line":89,"column":8},"end":{"line":89,"column":72}},"9":{"start":{"line":92,"column":8},"end":{"line":92,"column":49}}},"branchMap":{}},
"contracts/TokenDrop.sol":{"l":{"85":6,"86":6,"89":6,"96":3,"97":2,"105":2,"120":0,"121":0,"124":0,"127":0,"128":0,"140":0,"143":8,"146":8,"155":8,"156":0,"157":0,"158":0,"159":0,"162":0,"165":0,"167":0,"178":0,"179":8,"182":8,"184":9,"187":9,"188":9,"190":0,"193":0,"194":0,"199":0,"202":0,"216":0,"217":0,"219":0,"221":0,"225":0,"226":0,"234":0,"239":0,"247":0},"path":"/Users/admin/Documents/GitHub/poolpower-project/contracts/contracts/TokenDrop.sol","s":{"1":6,"2":6,"3":3,"4":0,"5":2,"6":2,"7":0,"8":0,"9":0,"10":0,"11":0,"12":0,"13":8,"14":8,"15":8,"16":0,"17":0,"18":0,"19":0,"20":0,"21":0,"22":0,"23":0,"24":8,"25":9,"26":9,"27":9,"28":0,"29":0,"30":0,"31":0,"32":0,"33":0,"34":0,"35":0,"36":0,"37":0,"38":0,"39":0,"40":0,"41":0,"42":0},"b":{"1":[2,1],"2":[0,0],"3":[0,0],"4":[9,0],"5":[9,0],"6":[0,0]},"f":{"1":6,"2":3,"3":2,"4":2,"5":0,"6":8,"7":0,"8":0,"9":0},"fnMap":{"1":{"name":"initialize","line":84,"loc":{"start":{"line":84,"column":4},"end":{"line":90,"column":4}}},"2":{"name":"initializePod","line":95,"loc":{"start":{"line":95,"column":4},"end":{"line":98,"column":4}}},"3":{"name":"_currentTime","line":104,"loc":{"start":{"line":104,"column":4},"end":{"line":106,"column":4}}},"4":{"name":"beforeTokenTransfer","line":114,"loc":{"start":{"line":114,"column":4},"end":{"line":131,"column":4}}},"5":{"name":"addAssetToken","line":138,"loc":{"start":{"line":138,"column":4},"end":{"line":147,"column":4}}},"6":{"name":"claim","line":154,"loc":{"start":{"line":154,"column":4},"end":{"line":168,"column":4}}},"7":{"name":"drop","line":177,"loc":{"start":{"line":177,"column":4},"end":{"line":203,"column":4}}},"8":{"name":"_captureNewTokensForUser","line":215,"loc":{"start":{"line":215,"column":4},"end":{"line":240,"column":4}}},"9":{"name":"supportsInterface","line":242,"loc":{"start":{"line":242,"column":4},"end":{"line":248,"column":4}}}},"statementMap":{"1":{"start":{"line":85,"column":8},"end":{"line":85,"column":44}},"2":{"start":{"line":86,"column":8},"end":{"line":86,"column":40}},"3":{"start":{"line":89,"column":8},"end":{"line":89,"column":27}},"4":{"start":{"line":96,"column":8},"end":{"line":96,"column":74}},"5":{"start":{"line":97,"column":8},"end":{"line":97,"column":44}},"6":{"start":{"line":105,"column":8},"end":{"line":105,"column":30}},"7":{"start":{"line":120,"column":8},"end":{"line":120,"column":3746}},"8":{"start":{"line":121,"column":12},"end":{"line":121,"column":17}},"9":{"start":{"line":124,"column":12},"end":{"line":124,"column":39}},"10":{"start":{"line":127,"column":12},"end":{"line":127,"column":3960}},"11":{"start":{"line":128,"column":16},"end":{"line":128,"column":45}},"12":{"start":{"line":140,"column":8},"end":{"line":140,"column":60}},"13":{"start":{"line":143,"column":8},"end":{"line":143,"column":13}},"14":{"start":{"line":146,"column":8},"end":{"line":146,"column":19}},"15":{"start":{"line":155,"column":8},"end":{"line":155,"column":13}},"16":{"start":{"line":156,"column":8},"end":{"line":156,"column":37}},"17":{"start":{"line":157,"column":8},"end":{"line":157,"column":50}},"18":{"start":{"line":158,"column":8},"end":{"line":158,"column":35}},"19":{"start":{"line":159,"column":8},"end":{"line":159,"column":72}},"20":{"start":{"line":162,"column":8},"end":{"line":162,"column":36}},"21":{"start":{"line":165,"column":8},"end":{"line":165,"column":35}},"22":{"start":{"line":167,"column":8},"end":{"line":167,"column":22}},"23":{"start":{"line":178,"column":8},"end":{"line":178,"column":65}},"24":{"start":{"line":179,"column":8},"end":{"line":179,"column":64}},"25":{"start":{"line":182,"column":8},"end":{"line":182,"column":5575}},"26":{"start":{"line":184,"column":12},"end":{"line":184,"column":62}},"27":{"start":{"line":187,"column":12},"end":{"line":187,"column":5769}},"28":{"start":{"line":188,"column":16},"end":{"line":188,"column":5882}},"29":{"start":{"line":190,"column":16},"end":{"line":190,"column":6002}},"30":{"start":{"line":193,"column":16},"end":{"line":193,"column":74}},"31":{"start":{"line":194,"column":16},"end":{"line":194,"column":6164}},"32":{"start":{"line":199,"column":12},"end":{"line":199,"column":35}},"33":{"start":{"line":202,"column":8},"end":{"line":202,"column":24}},"34":{"start":{"line":216,"column":8},"end":{"line":216,"column":54}},"35":{"start":{"line":217,"column":8},"end":{"line":217,"column":6905}},"36":{"start":{"line":219,"column":12},"end":{"line":219,"column":20}},"37":{"start":{"line":221,"column":8},"end":{"line":221,"column":7063}},"38":{"start":{"line":225,"column":8},"end":{"line":225,"column":60}},"39":{"start":{"line":226,"column":8},"end":{"line":226,"column":7297}},"40":{"start":{"line":234,"column":8},"end":{"line":234,"column":7493}},"41":{"start":{"line":239,"column":8},"end":{"line":239,"column":24}},"42":{"start":{"line":247,"column":8},"end":{"line":247,"column":19}}},"branchMap":{"1":{"line":96,"type":"if","locations":[{"start":{"line":96,"column":8},"end":{"line":96,"column":8}},{"start":{"line":96,"column":8},"end":{"line":96,"column":8}}]},"2":{"line":120,"type":"if","locations":[{"start":{"line":120,"column":8},"end":{"line":120,"column":8}},{"start":{"line":120,"column":8},"end":{"line":120,"column":8}}]},"3":{"line":127,"type":"if","locations":[{"start":{"line":127,"column":12},"end":{"line":127,"column":12}},{"start":{"line":127,"column":12},"end":{"line":127,"column":12}}]},"4":{"line":182,"type":"if","locations":[{"start":{"line":182,"column":8},"end":{"line":182,"column":8}},{"start":{"line":182,"column":8},"end":{"line":182,"column":8}}]},"5":{"line":187,"type":"if","locations":[{"start":{"line":187,"column":12},"end":{"line":187,"column":12}},{"start":{"line":187,"column":12},"end":{"line":187,"column":12}}]},"6":{"line":217,"type":"if","locations":[{"start":{"line":217,"column":8},"end":{"line":217,"column":8}},{"start":{"line":217,"column":8},"end":{"line":217,"column":8}}]}}},
"contracts/TokenDropFactory.sol":{"l":{"37":0,"48":0,"52":0,"55":0,"58":0},"path":"/Users/admin/Documents/GitHub/poolpower-project/contracts/contracts/TokenDropFactory.sol","s":{"1":0,"2":0,"3":0,"4":0,"5":0},"b":{},"f":{"1":0,"2":0},"fnMap":{"1":{"name":"constructor","line":35,"loc":{"start":{"line":35,"column":4},"end":{"line":38,"column":4}}},"2":{"name":"create","line":43,"loc":{"start":{"line":43,"column":4},"end":{"line":59,"column":4}}}},"statementMap":{"1":{"start":{"line":37,"column":8},"end":{"line":37,"column":42}},"2":{"start":{"line":48,"column":8},"end":{"line":48,"column":1252}},"3":{"start":{"line":52,"column":8},"end":{"line":52,"column":45}},"4":{"start":{"line":55,"column":8},"end":{"line":55,"column":51}},"5":{"start":{"line":58,"column":8},"end":{"line":58,"column":24}}},"branchMap":{}}}
