TN:
SF:/Users/admin/Documents/GitHub/poolpower-project/contracts/contracts/external/OwnableUpgradeable.sol
FN:33,__Ownable_init
FN:38,__Ownable_init_unchained
FN:47,owner
FN:54,onlyOwner
FN:66,renounceOwnership
FN:75,transferOwnership
FNF:6
FNH:0
FNDA:0,__Ownable_init
FNDA:0,__Ownable_init_unchained
FNDA:0,owner
FNDA:0,onlyOwner
FNDA:0,renounceOwnership
FNDA:0,transferOwnership
DA:34,0
DA:35,0
DA:39,0
DA:40,0
DA:41,0
DA:48,0
DA:55,0
DA:56,0
DA:67,0
DA:68,0
DA:76,0
DA:80,0
DA:81,0
LF:13
LH:0
BRDA:55,1,0,0
BRDA:55,1,1,0
BRDA:76,2,0,0
BRDA:76,2,1,0
BRF:4
BRH:0
end_of_record
TN:
SF:/Users/admin/Documents/GitHub/poolpower-project/contracts/contracts/external/ProxyFactory.sol
FN:9,deployMinimal
FNF:1
FNH:0
FNDA:0,deployMinimal
DA:14,0
DA:15,0
DA:29,0
DA:31,0
DA:32,0
DA:33,0
LF:6
LH:0
BRDA:31,1,0,0
BRDA:31,1,1,0
BRDA:33,2,0,0
BRDA:33,2,1,0
BRF:4
BRH:0
end_of_record
TN:
SF:/Users/admin/Documents/GitHub/poolpower-project/contracts/contracts/interfaces/ControlledTokenInterface.sol
FNF:0
FNH:0
LF:0
LH:0
BRF:0
BRH:0
end_of_record
TN:
SF:/Users/admin/Documents/GitHub/poolpower-project/contracts/contracts/interfaces/IERC20.sol
FNF:0
FNH:0
LF:0
LH:0
BRF:0
BRH:0
end_of_record
TN:
SF:/Users/admin/Documents/GitHub/poolpower-project/contracts/contracts/interfaces/IERC20Minimal.sol
FNF:0
FNH:0
LF:0
LH:0
BRF:0
BRH:0
end_of_record
TN:
SF:/Users/admin/Documents/GitHub/poolpower-project/contracts/contracts/interfaces/ILootBoxController.sol
FNF:0
FNH:0
LF:0
LH:0
BRF:0
BRH:0
end_of_record
TN:
SF:/Users/admin/Documents/GitHub/poolpower-project/contracts/contracts/interfaces/IMinimal.sol
FNF:0
FNH:0
LF:0
LH:0
BRF:0
BRH:0
end_of_record
TN:
SF:/Users/admin/Documents/GitHub/poolpower-project/contracts/contracts/interfaces/IPermitAllowed.sol
FNF:0
FNH:0
LF:0
LH:0
BRF:0
BRH:0
end_of_record
TN:
SF:/Users/admin/Documents/GitHub/poolpower-project/contracts/contracts/interfaces/IPrizePoolMinimal.sol
FNF:0
FNH:0
LF:0
LH:0
BRF:0
BRH:0
end_of_record
TN:
SF:/Users/admin/Documents/GitHub/poolpower-project/contracts/contracts/interfaces/IPrizeStrategyMinimal.sol
FNF:0
FNH:0
LF:0
LH:0
BRF:0
BRH:0
end_of_record
TN:
SF:/Users/admin/Documents/GitHub/poolpower-project/contracts/contracts/interfaces/IWETH.sol
FNF:0
FNH:0
LF:0
LH:0
BRF:0
BRH:0
end_of_record
TN:
SF:/Users/admin/Documents/GitHub/poolpower-project/contracts/contracts/interfaces/TokenControllerInterface.sol
FNF:0
FNH:0
LF:0
LH:0
BRF:0
BRH:0
end_of_record
TN:
SF:/Users/admin/Documents/GitHub/poolpower-project/contracts/contracts/interfaces/TokenFaucet.sol
FNF:0
FNH:0
LF:0
LH:0
BRF:0
BRH:0
end_of_record
TN:
SF:/Users/admin/Documents/GitHub/poolpower-project/contracts/contracts/interfaces/TokenListenerInterface.sol
FNF:0
FNH:0
LF:0
LH:0
BRF:0
BRH:0
end_of_record
TN:
SF:/Users/admin/Documents/GitHub/poolpower-project/contracts/contracts/interfaces/uniswap/IERC20.sol
FNF:0
FNH:0
LF:0
LH:0
BRF:0
BRH:0
end_of_record
TN:
SF:/Users/admin/Documents/GitHub/poolpower-project/contracts/contracts/interfaces/uniswap/IUniswapV2Callee.sol
FNF:0
FNH:0
LF:0
LH:0
BRF:0
BRH:0
end_of_record
TN:
SF:/Users/admin/Documents/GitHub/poolpower-project/contracts/contracts/interfaces/uniswap/IUniswapV2ERC20.sol
FNF:0
FNH:0
LF:0
LH:0
BRF:0
BRH:0
end_of_record
TN:
SF:/Users/admin/Documents/GitHub/poolpower-project/contracts/contracts/interfaces/uniswap/IUniswapV2Factory.sol
FNF:0
FNH:0
LF:0
LH:0
BRF:0
BRH:0
end_of_record
TN:
SF:/Users/admin/Documents/GitHub/poolpower-project/contracts/contracts/interfaces/uniswap/IUniswapV2Pair.sol
FNF:0
FNH:0
LF:0
LH:0
BRF:0
BRH:0
end_of_record
TN:
SF:/Users/admin/Documents/GitHub/poolpower-project/contracts/contracts/interfaces/uniswap/IUniswapV2Router01.sol
FNF:0
FNH:0
LF:0
LH:0
BRF:0
BRH:0
end_of_record
TN:
SF:/Users/admin/Documents/GitHub/poolpower-project/contracts/contracts/interfaces/uniswap/IUniswapV2Router02.sol
FNF:0
FNH:0
LF:0
LH:0
BRF:0
BRH:0
end_of_record
TN:
SF:/Users/admin/Documents/GitHub/poolpower-project/contracts/contracts/IPod.sol
FNF:0
FNH:0
LF:0
LH:0
BRF:0
BRH:0
end_of_record
TN:
SF:/Users/admin/Documents/GitHub/poolpower-project/contracts/contracts/IPodManager.sol
FNF:0
FNH:0
LF:0
LH:0
BRF:0
BRH:0
end_of_record
TN:
SF:/Users/admin/Documents/GitHub/poolpower-project/contracts/contracts/libraries/ExtendedSafeCast.sol
FN:6,toUint128
FN:18,toUint112
FN:30,toUint96
FN:35,toUint32
FNF:4
FNH:0
FNDA:0,toUint128
FNDA:0,toUint112
FNDA:0,toUint96
FNDA:0,toUint32
DA:7,0
DA:8,0
DA:19,0
DA:20,0
DA:31,0
DA:32,0
DA:36,0
DA:37,0
LF:8
LH:0
BRDA:7,1,0,0
BRDA:7,1,1,0
BRDA:19,2,0,0
BRDA:19,2,1,0
BRDA:31,3,0,0
BRDA:31,3,1,0
BRDA:36,4,0,0
BRDA:36,4,1,0
BRF:8
BRH:0
end_of_record
TN:
SF:/Users/admin/Documents/GitHub/poolpower-project/contracts/contracts/mocks/PodNFT.sol
FN:15,constructor
FNF:1
FNH:0
FNDA:0,constructor
DA:17,0
DA:21,0
LF:2
LH:0
BRF:0
BRH:0
end_of_record
TN:
SF:/Users/admin/Documents/GitHub/poolpower-project/contracts/contracts/Pod.sol
FN:122,onlyManager
FN:133,pauseDepositsDuringAwarding
FN:148,initialize
FN:184,setTokenDrop
FN:196,podManager
FN:204,setManager
FN:225,prizePool
FN:235,depositTo
FN:261,withdraw
FN:282,batch
FN:318,withdrawERC20
FN:338,withdrawERC721
FN:351,claim
FN:368,claimPodPool
FN:390,_deposit
FN:410,_burnShares
FN:456,_withdrawFromPool
FN:487,getPricePerShare
FN:494,getUserPricePerShare
FN:509,vaultTokenBalance
FN:516,vaultTicketBalance
FN:523,vaultPoolBalance
FN:530,balance
FN:547,_beforeTokenTransfer
FNF:24
FNH:0
FNDA:0,onlyManager
FNDA:0,pauseDepositsDuringAwarding
FNDA:0,initialize
FNDA:0,setTokenDrop
FNDA:0,podManager
FNDA:0,setManager
FNDA:0,prizePool
FNDA:0,depositTo
FNDA:0,withdraw
FNDA:0,batch
FNDA:0,withdrawERC20
FNDA:0,withdrawERC721
FNDA:0,claim
FNDA:0,claimPodPool
FNDA:0,_deposit
FNDA:0,_burnShares
FNDA:0,_withdrawFromPool
FNDA:0,getPricePerShare
FNDA:0,getUserPricePerShare
FNDA:0,vaultTokenBalance
FNDA:0,vaultTicketBalance
FNDA:0,vaultPoolBalance
FNDA:0,balance
FNDA:0,_beforeTokenTransfer
DA:123,0
DA:127,0
DA:134,0
DA:138,0
DA:157,0
DA:160,0
DA:166,0
DA:169,0
DA:170,0
DA:171,0
DA:172,0
DA:175,0
DA:178,0
DA:185,0
DA:186,0
DA:197,0
DA:206,0
DA:212,0
DA:215,0
DA:226,0
DA:240,0
DA:243,0
DA:246,0
DA:249,0
DA:252,0
DA:263,0
DA:269,0
DA:272,0
DA:274,0
DA:283,0
DA:286,0
DA:292,0
DA:295,0
DA:298,0
DA:301,0
DA:309,0
DA:321,0
DA:329,0
DA:341,0
DA:357,0
DA:359,0
DA:361,0
DA:369,0
DA:372,0
DA:375,0
DA:377,0
DA:380,0
DA:391,0
DA:394,0
DA:395,0
DA:397,0
DA:401,0
DA:404,0
DA:412,0
DA:415,0
DA:418,0
DA:419,0
DA:422,0
DA:424,0
DA:427,0
DA:430,0
DA:445,0
DA:448,0
DA:457,0
DA:460,0
DA:468,0
DA:477,0
DA:488,0
DA:499,0
DA:500,0
DA:502,0
DA:510,0
DA:517,0
DA:524,0
DA:531,0
DA:552,0
DA:555,0
DA:557,0
LF:78
LH:0
BRDA:123,1,0,0
BRDA:123,1,1,0
BRDA:134,2,0,0
BRDA:134,2,1,0
BRDA:185,3,0,0
BRDA:185,3,1,0
BRDA:206,4,0,0
BRDA:206,4,1,0
BRDA:240,5,0,0
BRDA:240,5,1,0
BRDA:263,6,0,0
BRDA:263,6,1,0
BRDA:286,7,0,0
BRDA:286,7,1,0
BRDA:321,8,0,0
BRDA:321,8,1,0
BRDA:394,9,0,0
BRDA:394,9,1,0
BRDA:422,10,0,0
BRDA:422,10,1,0
BRDA:499,11,0,0
BRDA:499,11,1,0
BRF:22
BRH:0
end_of_record
TN:
SF:/Users/admin/Documents/GitHub/poolpower-project/contracts/contracts/PodFactory.sol
FN:47,constructor
FN:55,create
FNF:2
FNH:0
FNDA:0,constructor
FNDA:0,create
DA:49,0
DA:52,0
DA:66,0
DA:69,0
DA:79,0
DA:83,0
DA:86,0
DA:89,0
DA:92,0
LF:9
LH:0
BRF:0
BRH:0
end_of_record
TN:
SF:/Users/admin/Documents/GitHub/poolpower-project/contracts/contracts/PodManager.sol
FN:52,constructor
FN:61,liquidate
FN:95,withdrawCollectible
FNF:3
FNH:0
FNDA:0,constructor
FNDA:0,liquidate
FNDA:0,withdrawCollectible
DA:68,0
DA:71,0
DA:74,0
DA:77,0
DA:86,0
DA:88,0
DA:100,0
DA:103,0
DA:106,0
DA:109,0
DA:111,0
LF:11
LH:0
BRF:0
BRH:0
end_of_record
TN:
SF:/Users/admin/Documents/GitHub/poolpower-project/contracts/contracts/TokenDrop.sol
FN:84,initialize
FN:95,initializePod
FN:104,_currentTime
FN:114,beforeTokenTransfer
FN:138,addAssetToken
FN:154,claim
FN:177,drop
FN:211,_captureNewTokensForUser
FN:238,supportsInterface
FNF:9
FNH:0
FNDA:0,initialize
FNDA:0,initializePod
FNDA:0,_currentTime
FNDA:0,beforeTokenTransfer
FNDA:0,addAssetToken
FNDA:0,claim
FNDA:0,drop
FNDA:0,_captureNewTokensForUser
FNDA:0,supportsInterface
DA:85,0
DA:86,0
DA:89,0
DA:96,0
DA:97,0
DA:105,0
DA:120,0
DA:121,0
DA:124,0
DA:127,0
DA:128,0
DA:140,0
DA:143,0
DA:146,0
DA:155,0
DA:156,0
DA:157,0
DA:158,0
DA:159,0
DA:162,0
DA:165,0
DA:167,0
DA:178,0
DA:179,0
DA:182,0
DA:184,0
DA:186,0
DA:188,0
DA:191,0
DA:192,0
DA:195,0
DA:198,0
DA:212,0
DA:213,0
DA:215,0
DA:217,0
DA:221,0
DA:222,0
DA:230,0
DA:235,0
DA:243,0
LF:41
LH:0
BRDA:96,1,0,0
BRDA:96,1,1,0
BRDA:120,2,0,0
BRDA:120,2,1,0
BRDA:127,3,0,0
BRDA:127,3,1,0
BRDA:182,4,0,0
BRDA:182,4,1,0
BRDA:213,5,0,0
BRDA:213,5,1,0
BRF:10
BRH:0
end_of_record
TN:
SF:/Users/admin/Documents/GitHub/poolpower-project/contracts/contracts/TokenDropFactory.sol
FN:35,constructor
FN:43,create
FNF:2
FNH:0
FNDA:0,constructor
FNDA:0,create
DA:37,0
DA:48,0
DA:52,0
DA:55,0
DA:58,0
LF:5
LH:0
BRF:0
BRH:0
end_of_record
