TN:
SF:/Users/admin/Documents/GitHub/poolpower-project/contracts/contracts/interfaces/ControlledTokenInterface.sol
FNF:0
FNH:0
LF:0
LH:0
BRF:0
BRH:0
end_of_record
TN:
SF:/Users/admin/Documents/GitHub/poolpower-project/contracts/contracts/interfaces/IERC20.sol
FNF:0
FNH:0
LF:0
LH:0
BRF:0
BRH:0
end_of_record
TN:
SF:/Users/admin/Documents/GitHub/poolpower-project/contracts/contracts/interfaces/IERC20Minimal.sol
FNF:0
FNH:0
LF:0
LH:0
BRF:0
BRH:0
end_of_record
TN:
SF:/Users/admin/Documents/GitHub/poolpower-project/contracts/contracts/interfaces/ILootBoxController.sol
FNF:0
FNH:0
LF:0
LH:0
BRF:0
BRH:0
end_of_record
TN:
SF:/Users/admin/Documents/GitHub/poolpower-project/contracts/contracts/interfaces/IMinimal.sol
FNF:0
FNH:0
LF:0
LH:0
BRF:0
BRH:0
end_of_record
TN:
SF:/Users/admin/Documents/GitHub/poolpower-project/contracts/contracts/interfaces/IPermitAllowed.sol
FNF:0
FNH:0
LF:0
LH:0
BRF:0
BRH:0
end_of_record
TN:
SF:/Users/admin/Documents/GitHub/poolpower-project/contracts/contracts/interfaces/IPrizePoolMinimal.sol
FNF:0
FNH:0
LF:0
LH:0
BRF:0
BRH:0
end_of_record
TN:
SF:/Users/admin/Documents/GitHub/poolpower-project/contracts/contracts/interfaces/IPrizeStrategyMinimal.sol
FNF:0
FNH:0
LF:0
LH:0
BRF:0
BRH:0
end_of_record
TN:
SF:/Users/admin/Documents/GitHub/poolpower-project/contracts/contracts/interfaces/IWETH.sol
FNF:0
FNH:0
LF:0
LH:0
BRF:0
BRH:0
end_of_record
TN:
SF:/Users/admin/Documents/GitHub/poolpower-project/contracts/contracts/interfaces/TokenControllerInterface.sol
FNF:0
FNH:0
LF:0
LH:0
BRF:0
BRH:0
end_of_record
TN:
SF:/Users/admin/Documents/GitHub/poolpower-project/contracts/contracts/interfaces/TokenFaucet.sol
FNF:0
FNH:0
LF:0
LH:0
BRF:0
BRH:0
end_of_record
TN:
SF:/Users/admin/Documents/GitHub/poolpower-project/contracts/contracts/interfaces/TokenListenerInterface.sol
FNF:0
FNH:0
LF:0
LH:0
BRF:0
BRH:0
end_of_record
TN:
SF:/Users/admin/Documents/GitHub/poolpower-project/contracts/contracts/interfaces/uniswap/IERC20.sol
FNF:0
FNH:0
LF:0
LH:0
BRF:0
BRH:0
end_of_record
TN:
SF:/Users/admin/Documents/GitHub/poolpower-project/contracts/contracts/interfaces/uniswap/IUniswapV2Callee.sol
FNF:0
FNH:0
LF:0
LH:0
BRF:0
BRH:0
end_of_record
TN:
SF:/Users/admin/Documents/GitHub/poolpower-project/contracts/contracts/interfaces/uniswap/IUniswapV2ERC20.sol
FNF:0
FNH:0
LF:0
LH:0
BRF:0
BRH:0
end_of_record
TN:
SF:/Users/admin/Documents/GitHub/poolpower-project/contracts/contracts/interfaces/uniswap/IUniswapV2Factory.sol
FNF:0
FNH:0
LF:0
LH:0
BRF:0
BRH:0
end_of_record
TN:
SF:/Users/admin/Documents/GitHub/poolpower-project/contracts/contracts/interfaces/uniswap/IUniswapV2Pair.sol
FNF:0
FNH:0
LF:0
LH:0
BRF:0
BRH:0
end_of_record
TN:
SF:/Users/admin/Documents/GitHub/poolpower-project/contracts/contracts/interfaces/uniswap/IUniswapV2Router01.sol
FNF:0
FNH:0
LF:0
LH:0
BRF:0
BRH:0
end_of_record
TN:
SF:/Users/admin/Documents/GitHub/poolpower-project/contracts/contracts/interfaces/uniswap/IUniswapV2Router02.sol
FNF:0
FNH:0
LF:0
LH:0
BRF:0
BRH:0
end_of_record
TN:
SF:/Users/admin/Documents/GitHub/poolpower-project/contracts/contracts/IPod.sol
FNF:0
FNH:0
LF:0
LH:0
BRF:0
BRH:0
end_of_record
TN:
SF:/Users/admin/Documents/GitHub/poolpower-project/contracts/contracts/IPodManager.sol
FNF:0
FNH:0
LF:0
LH:0
BRF:0
BRH:0
end_of_record
TN:
SF:/Users/admin/Documents/GitHub/poolpower-project/contracts/contracts/Pod.sol
FNF:0
FNH:0
DA:123,2
DA:127,2
DA:134,0
DA:138,0
DA:157,54
DA:160,54
DA:166,54
DA:169,54
DA:170,54
DA:171,54
DA:172,54
DA:175,54
DA:178,54
DA:185,54
DA:186,54
DA:197,0
DA:206,2
DA:212,2
DA:215,2
DA:226,2
DA:240,3
DA:243,3
DA:246,3
DA:249,3
DA:252,3
DA:263,2
DA:269,2
DA:272,2
DA:274,2
DA:283,1
DA:286,1
DA:292,1
DA:295,1
DA:298,1
DA:301,1
DA:309,1
DA:321,1
DA:329,1
DA:341,1
DA:357,0
DA:359,0
DA:361,0
DA:369,1
DA:372,1
DA:375,1
DA:377,1
DA:380,1
DA:391,3
DA:394,3
DA:395,2
DA:397,1
DA:401,3
DA:404,3
DA:412,2
DA:415,2
DA:418,2
DA:419,2
DA:422,2
DA:424,2
DA:427,2
DA:430,2
DA:445,2
DA:448,2
DA:457,2
DA:460,2
DA:468,2
DA:477,2
DA:488,2
DA:489,1
DA:491,1
DA:503,2
DA:504,1
DA:506,1
DA:514,7
DA:521,6
DA:528,2
DA:535,5
DA:556,5
DA:559,5
DA:561,5
LF:80
LH:74
BRDA:123,1,0,2
BRDA:123,1,1,0
BRDA:134,2,0,0
BRDA:134,2,1,0
BRDA:185,3,0,54
BRDA:185,3,1,0
BRDA:206,4,0,2
BRDA:206,4,1,0
BRDA:240,5,0,3
BRDA:240,5,1,0
BRDA:263,6,0,2
BRDA:263,6,1,0
BRDA:286,7,0,1
BRDA:286,7,1,0
BRDA:321,8,0,1
BRDA:321,8,1,0
BRDA:394,9,0,2
BRDA:394,9,1,1
BRDA:422,10,0,2
BRDA:422,10,1,0
BRDA:488,11,0,1
BRDA:488,11,1,1
BRDA:503,12,0,1
BRDA:503,12,1,1
BRF:24
BRH:14
end_of_record
TN:
SF:/Users/admin/Documents/GitHub/poolpower-project/contracts/contracts/PodFactory.sol
FNF:0
FNH:0
DA:49,81
DA:52,81
DA:66,54
DA:69,54
DA:79,54
DA:83,54
DA:86,54
DA:89,54
DA:92,54
LF:9
LH:9
BRF:0
BRH:0
end_of_record
TN:
SF:/Users/admin/Documents/GitHub/poolpower-project/contracts/contracts/test/DoppelgangerWithExec.sol
FNF:0
FNH:0
DA:14,0
DA:15,0
DA:16,0
DA:17,0
DA:19,0
DA:23,0
DA:33,0
DA:44,0
DA:45,0
DA:46,0
DA:54,0
DA:55,0
DA:56,0
DA:64,0
DA:65,0
DA:67,0
DA:69,0
DA:70,0
DA:72,0
DA:74,0
DA:78,0
DA:84,0
LF:22
LH:0
BRDA:15,1,0,0
BRDA:15,1,1,0
BRDA:45,2,0,0
BRDA:45,2,1,0
BRDA:55,3,0,0
BRDA:55,3,1,0
BRDA:65,4,0,0
BRDA:65,4,1,0
BRDA:70,5,0,0
BRDA:70,5,1,0
BRF:10
BRH:0
end_of_record
TN:
SF:/Users/admin/Documents/GitHub/poolpower-project/contracts/contracts/TokenDrop.sol
FNF:0
FNH:0
DA:85,58
DA:86,58
DA:89,58
DA:96,0
DA:97,0
DA:105,0
DA:120,5
DA:121,5
DA:124,5
DA:127,5
DA:128,2
DA:140,3
DA:143,3
DA:146,3
DA:155,0
DA:156,0
DA:157,0
DA:158,0
DA:159,0
DA:162,0
DA:165,0
DA:167,0
DA:178,8
DA:179,8
DA:182,8
DA:184,2
DA:187,2
DA:188,0
DA:190,0
DA:193,0
DA:194,0
DA:199,2
DA:202,8
DA:216,7
DA:217,7
DA:219,7
DA:221,0
DA:225,0
DA:226,0
DA:234,0
DA:239,0
DA:247,0
LF:42
LH:21
BRDA:96,1,0,0
BRDA:96,1,1,0
BRDA:120,2,0,5
BRDA:120,2,1,0
BRDA:127,3,0,2
BRDA:127,3,1,3
BRDA:182,4,0,2
BRDA:182,4,1,6
BRDA:187,5,0,0
BRDA:187,5,1,2
BRDA:217,6,0,7
BRDA:217,6,1,0
BRF:12
BRH:7
end_of_record
TN:
SF:/Users/admin/Documents/GitHub/poolpower-project/contracts/contracts/TokenDropFactory.sol
FNF:0
FNH:0
DA:37,81
DA:48,58
DA:52,58
DA:55,58
DA:58,58
LF:5
LH:5
BRF:0
BRH:0
end_of_record
